warning: source ../../../include is not a readable file or directory... skipping.
/home/yago/Blackjack/Codigos-Fonte/mesa.cpp:42: warning: Unsupported xml/html tag <Jogador> found
error: Problems running dot: exit code=127, command='dot', arguments='"/home/yago/Blackjack/Codigos-Fonte/documentation_page/rtf/d7/da6/colors_8h__dep__incl.dot" -Tpng -o "/home/yago/Blackjack/Codigos-Fonte/documentation_page/rtf/d7/da6/colors_8h__dep__incl.png"'
error: Problems running dot: exit code=127, command='dot', arguments='"/home/yago/Blackjack/Codigos-Fonte/documentation_page/html/d7/da6/colors_8h__dep__incl.dot" -Tpng -o "/home/yago/Blackjack/Codigos-Fonte/documentation_page/html/d7/da6/colors_8h__dep__incl.png"'
error: Problems running dot: exit code=127, command='dot', arguments='"/home/yago/Blackjack/Codigos-Fonte/documentation_page/rtf/d2/d41/dado_8cpp__incl.dot" -Tpng -o "/home/yago/Blackjack/Codigos-Fonte/documentation_page/rtf/d2/d41/dado_8cpp__incl.png"'
error: Problems running dot: exit code=127, command='dot', arguments='"/home/yago/Blackjack/Codigos-Fonte/documentation_page/html/d2/d41/dado_8cpp__incl.dot" -Tpng -o "/home/yago/Blackjack/Codigos-Fonte/documentation_page/html/d2/d41/dado_8cpp__incl.png"'
error: Problems running dot: exit code=127, command='dot', arguments='"/home/yago/Blackjack/Codigos-Fonte/documentation_page/html/dd/d8a/dado_8h__incl.dot" -Tpng -o "/home/yago/Blackjack/Codigos-Fonte/documentation_page/html/dd/d8a/dado_8h__incl.png"'
error: Problems running dot: exit code=127, command='dot', arguments='"/home/yago/Blackjack/Codigos-Fonte/documentation_page/rtf/dd/d8a/dado_8h__incl.dot" -Tpng -o "/home/yago/Blackjack/Codigos-Fonte/documentation_page/rtf/dd/d8a/dado_8h__incl.png"'
error: Problems running dot: exit code=127, command='dot', arguments='"/home/yago/Blackjack/Codigos-Fonte/documentation_page/html/da/d47/dado_8h__dep__incl.dot" -Tpng -o "/home/yago/Blackjack/Codigos-Fonte/documentation_page/html/da/d47/dado_8h__dep__incl.png"'
error: Problems running dot: exit code=127, command='dot', arguments='"/home/yago/Blackjack/Codigos-Fonte/documentation_page/rtf/da/d47/dado_8h__dep__incl.dot" -Tpng -o "/home/yago/Blackjack/Codigos-Fonte/documentation_page/rtf/da/d47/dado_8h__dep__incl.png"'
error: Problems running dot: exit code=127, command='dot', arguments='"/home/yago/Blackjack/Codigos-Fonte/documentation_page/html/d8/de2/jogador_8cpp__incl.dot" -Tpng -o "/home/yago/Blackjack/Codigos-Fonte/documentation_page/html/d8/de2/jogador_8cpp__incl.png"'
error: Problems running dot: exit code=127, command='dot', arguments='"/home/yago/Blackjack/Codigos-Fonte/documentation_page/rtf/d8/de2/jogador_8cpp__incl.dot" -Tpng -o "/home/yago/Blackjack/Codigos-Fonte/documentation_page/rtf/d8/de2/jogador_8cpp__incl.png"'
error: Problems running dot: exit code=127, command='dot', arguments='"/home/yago/Blackjack/Codigos-Fonte/documentation_page/html/d4/d0e/jogador_8h__incl.dot" -Tpng -o "/home/yago/Blackjack/Codigos-Fonte/documentation_page/html/d4/d0e/jogador_8h__incl.png"'
error: Problems running dot: exit code=127, command='dot', arguments='"/home/yago/Blackjack/Codigos-Fonte/documentation_page/rtf/d4/d0e/jogador_8h__incl.dot" -Tpng -o "/home/yago/Blackjack/Codigos-Fonte/documentation_page/rtf/d4/d0e/jogador_8h__incl.png"'
error: Problems running dot: exit code=127, command='dot', arguments='"/home/yago/Blackjack/Codigos-Fonte/documentation_page/html/d3/d89/jogador_8h__dep__incl.dot" -Tpng -o "/home/yago/Blackjack/Codigos-Fonte/documentation_page/html/d3/d89/jogador_8h__dep__incl.png"'
error: Problems running dot: exit code=127, command='dot', arguments='"/home/yago/Blackjack/Codigos-Fonte/documentation_page/rtf/d3/d89/jogador_8h__dep__incl.dot" -Tpng -o "/home/yago/Blackjack/Codigos-Fonte/documentation_page/rtf/d3/d89/jogador_8h__dep__incl.png"'
error: Problems running dot: exit code=127, command='dot', arguments='"/home/yago/Blackjack/Codigos-Fonte/documentation_page/html/da/d09/lobby_8cpp__incl.dot" -Tpng -o "/home/yago/Blackjack/Codigos-Fonte/documentation_page/html/da/d09/lobby_8cpp__incl.png"'
error: Problems running dot: exit code=127, command='dot', arguments='"/home/yago/Blackjack/Codigos-Fonte/documentation_page/rtf/da/d09/lobby_8cpp__incl.dot" -Tpng -o "/home/yago/Blackjack/Codigos-Fonte/documentation_page/rtf/da/d09/lobby_8cpp__incl.png"'
error: Problems running dot: exit code=127, command='dot', arguments='"/home/yago/Blackjack/Codigos-Fonte/documentation_page/html/d3/dba/lobby_8h__incl.dot" -Tpng -o "/home/yago/Blackjack/Codigos-Fonte/documentation_page/html/d3/dba/lobby_8h__incl.png"'
error: Problems running dot: exit code=127, command='dot', arguments='"/home/yago/Blackjack/Codigos-Fonte/documentation_page/rtf/d3/dba/lobby_8h__incl.dot" -Tpng -o "/home/yago/Blackjack/Codigos-Fonte/documentation_page/rtf/d3/dba/lobby_8h__incl.png"'
error: Problems running dot: exit code=127, command='dot', arguments='"/home/yago/Blackjack/Codigos-Fonte/documentation_page/html/d8/d2a/lobby_8h__dep__incl.dot" -Tpng -o "/home/yago/Blackjack/Codigos-Fonte/documentation_page/html/d8/d2a/lobby_8h__dep__incl.png"'
error: Problems running dot: exit code=127, command='dot', arguments='"/home/yago/Blackjack/Codigos-Fonte/documentation_page/rtf/d8/d2a/lobby_8h__dep__incl.dot" -Tpng -o "/home/yago/Blackjack/Codigos-Fonte/documentation_page/rtf/d8/d2a/lobby_8h__dep__incl.png"'
error: Problems running dot: exit code=127, command='dot', arguments='"/home/yago/Blackjack/Codigos-Fonte/documentation_page/html/da/dce/main_8cpp__incl.dot" -Tpng -o "/home/yago/Blackjack/Codigos-Fonte/documentation_page/html/da/dce/main_8cpp__incl.png"'
error: Problems running dot: exit code=127, command='dot', arguments='"/home/yago/Blackjack/Codigos-Fonte/documentation_page/rtf/da/dce/main_8cpp__incl.dot" -Tpng -o "/home/yago/Blackjack/Codigos-Fonte/documentation_page/rtf/da/dce/main_8cpp__incl.png"'
error: Problems running dot: exit code=127, command='dot', arguments='"/home/yago/Blackjack/Codigos-Fonte/documentation_page/html/df/d0a/main_8cpp_abf9e6b7e6f15df4b525a2e7705ba3089_cgraph.dot" -Tpng -o "/home/yago/Blackjack/Codigos-Fonte/documentation_page/html/df/d0a/main_8cpp_abf9e6b7e6f15df4b525a2e7705ba3089_cgraph.png"'
error: Problems running dot: exit code=127, command='dot', arguments='"/home/yago/Blackjack/Codigos-Fonte/documentation_page/rtf/df/d0a/main_8cpp_abf9e6b7e6f15df4b525a2e7705ba3089_cgraph.dot" -Tpng -o "/home/yago/Blackjack/Codigos-Fonte/documentation_page/rtf/df/d0a/main_8cpp_abf9e6b7e6f15df4b525a2e7705ba3089_cgraph.png"'
error: Problems running dot: exit code=127, command='dot', arguments='"/home/yago/Blackjack/Codigos-Fonte/documentation_page/rtf/d8/d7d/mesa_8cpp__incl.dot" -Tpng -o "/home/yago/Blackjack/Codigos-Fonte/documentation_page/rtf/d8/d7d/mesa_8cpp__incl.png"'
error: Problems running dot: exit code=127, command='dot', arguments='"/home/yago/Blackjack/Codigos-Fonte/documentation_page/html/d8/d7d/mesa_8cpp__incl.dot" -Tpng -o "/home/yago/Blackjack/Codigos-Fonte/documentation_page/html/d8/d7d/mesa_8cpp__incl.png"'
error: Problems running dot: exit code=127, command='dot', arguments='"/home/yago/Blackjack/Codigos-Fonte/documentation_page/html/dd/d4c/mesa_8h__incl.dot" -Tpng -o "/home/yago/Blackjack/Codigos-Fonte/documentation_page/html/dd/d4c/mesa_8h__incl.png"'
error: Problems running dot: exit code=127, command='dot', arguments='"/home/yago/Blackjack/Codigos-Fonte/documentation_page/rtf/dd/d4c/mesa_8h__incl.dot" -Tpng -o "/home/yago/Blackjack/Codigos-Fonte/documentation_page/rtf/dd/d4c/mesa_8h__incl.png"'
error: Problems running dot: exit code=127, command='dot', arguments='"/home/yago/Blackjack/Codigos-Fonte/documentation_page/rtf/d0/dac/mesa_8h__dep__incl.dot" -Tpng -o "/home/yago/Blackjack/Codigos-Fonte/documentation_page/rtf/d0/dac/mesa_8h__dep__incl.png"'
error: Problems running dot: exit code=127, command='dot', arguments='"/home/yago/Blackjack/Codigos-Fonte/documentation_page/html/d0/dac/mesa_8h__dep__incl.dot" -Tpng -o "/home/yago/Blackjack/Codigos-Fonte/documentation_page/html/d0/dac/mesa_8h__dep__incl.png"'
error: Problems running dot: exit code=127, command='dot', arguments='"/home/yago/Blackjack/Codigos-Fonte/documentation_page/html/d3/dcd/class_dado_a9c7fa6e4ac6ca7c72bc7cd8e5d65e7a9_icgraph.dot" -Tpng -o "/home/yago/Blackjack/Codigos-Fonte/documentation_page/html/d3/dcd/class_dado_a9c7fa6e4ac6ca7c72bc7cd8e5d65e7a9_icgraph.png"'
error: Problems running dot: exit code=127, command='dot', arguments='"/home/yago/Blackjack/Codigos-Fonte/documentation_page/rtf/d3/dcd/class_dado_a9c7fa6e4ac6ca7c72bc7cd8e5d65e7a9_icgraph.dot" -Tpng -o "/home/yago/Blackjack/Codigos-Fonte/documentation_page/rtf/d3/dcd/class_dado_a9c7fa6e4ac6ca7c72bc7cd8e5d65e7a9_icgraph.png"'
error: Problems running dot: exit code=127, command='dot', arguments='"/home/yago/Blackjack/Codigos-Fonte/documentation_page/html/dc/da4/class_jogador_ad99c974eb0be82064fbca936adc246d9_icgraph.dot" -Tpng -o "/home/yago/Blackjack/Codigos-Fonte/documentation_page/html/dc/da4/class_jogador_ad99c974eb0be82064fbca936adc246d9_icgraph.png"'
error: Problems running dot: exit code=127, command='dot', arguments='"/home/yago/Blackjack/Codigos-Fonte/documentation_page/rtf/dc/da4/class_jogador_ad99c974eb0be82064fbca936adc246d9_icgraph.dot" -Tpng -o "/home/yago/Blackjack/Codigos-Fonte/documentation_page/rtf/dc/da4/class_jogador_ad99c974eb0be82064fbca936adc246d9_icgraph.png"'
error: Problems running dot: exit code=127, command='dot', arguments='"/home/yago/Blackjack/Codigos-Fonte/documentation_page/html/dc/da4/class_jogador_aa57278e25d3ac24860223b40278dfced_cgraph.dot" -Tpng -o "/home/yago/Blackjack/Codigos-Fonte/documentation_page/html/dc/da4/class_jogador_aa57278e25d3ac24860223b40278dfced_cgraph.png"'
error: Problems running dot: exit code=127, command='dot', arguments='"/home/yago/Blackjack/Codigos-Fonte/documentation_page/rtf/dc/da4/class_jogador_aa57278e25d3ac24860223b40278dfced_cgraph.dot" -Tpng -o "/home/yago/Blackjack/Codigos-Fonte/documentation_page/rtf/dc/da4/class_jogador_aa57278e25d3ac24860223b40278dfced_cgraph.png"'
error: Problems running dot: exit code=127, command='dot', arguments='"/home/yago/Blackjack/Codigos-Fonte/documentation_page/html/dc/da4/class_jogador_a0d9f47c126ff7fd73863c1bcba346afe_icgraph.dot" -Tpng -o "/home/yago/Blackjack/Codigos-Fonte/documentation_page/html/dc/da4/class_jogador_a0d9f47c126ff7fd73863c1bcba346afe_icgraph.png"'
error: Problems running dot: exit code=127, command='dot', arguments='"/home/yago/Blackjack/Codigos-Fonte/documentation_page/rtf/dc/da4/class_jogador_a0d9f47c126ff7fd73863c1bcba346afe_icgraph.dot" -Tpng -o "/home/yago/Blackjack/Codigos-Fonte/documentation_page/rtf/dc/da4/class_jogador_a0d9f47c126ff7fd73863c1bcba346afe_icgraph.png"'
error: Problems running dot: exit code=127, command='dot', arguments='"/home/yago/Blackjack/Codigos-Fonte/documentation_page/html/dc/da4/class_jogador_ae3fbee4756dafc8a7b1775d54c1ddf5b_icgraph.dot" -Tpng -o "/home/yago/Blackjack/Codigos-Fonte/documentation_page/html/dc/da4/class_jogador_ae3fbee4756dafc8a7b1775d54c1ddf5b_icgraph.png"'
error: Problems running dot: exit code=127, command='dot', arguments='"/home/yago/Blackjack/Codigos-Fonte/documentation_page/rtf/dc/da4/class_jogador_ae3fbee4756dafc8a7b1775d54c1ddf5b_icgraph.dot" -Tpng -o "/home/yago/Blackjack/Codigos-Fonte/documentation_page/rtf/dc/da4/class_jogador_ae3fbee4756dafc8a7b1775d54c1ddf5b_icgraph.png"'
error: Problems running dot: exit code=127, command='dot', arguments='"/home/yago/Blackjack/Codigos-Fonte/documentation_page/html/db/dd7/class_lobby_ad2e0ed41f1b35709445d60221d311d98_cgraph.dot" -Tpng -o "/home/yago/Blackjack/Codigos-Fonte/documentation_page/html/db/dd7/class_lobby_ad2e0ed41f1b35709445d60221d311d98_cgraph.png"'
error: Problems running dot: exit code=127, command='dot', arguments='"/home/yago/Blackjack/Codigos-Fonte/documentation_page/rtf/db/dd7/class_lobby_ad2e0ed41f1b35709445d60221d311d98_cgraph.dot" -Tpng -o "/home/yago/Blackjack/Codigos-Fonte/documentation_page/rtf/db/dd7/class_lobby_ad2e0ed41f1b35709445d60221d311d98_cgraph.png"'
error: Problems running dot: exit code=127, command='dot', arguments='"/home/yago/Blackjack/Codigos-Fonte/documentation_page/html/db/dd7/class_lobby_ad2e0ed41f1b35709445d60221d311d98_icgraph.dot" -Tpng -o "/home/yago/Blackjack/Codigos-Fonte/documentation_page/html/db/dd7/class_lobby_ad2e0ed41f1b35709445d60221d311d98_icgraph.png"'
error: Problems running dot: exit code=127, command='dot', arguments='"/home/yago/Blackjack/Codigos-Fonte/documentation_page/rtf/db/dd7/class_lobby_ad2e0ed41f1b35709445d60221d311d98_icgraph.dot" -Tpng -o "/home/yago/Blackjack/Codigos-Fonte/documentation_page/rtf/db/dd7/class_lobby_ad2e0ed41f1b35709445d60221d311d98_icgraph.png"'
error: Problems running dot: exit code=127, command='dot', arguments='"/home/yago/Blackjack/Codigos-Fonte/documentation_page/html/d0/d90/class_mesa__coll__graph.dot" -Tpng -o "/home/yago/Blackjack/Codigos-Fonte/documentation_page/html/d0/d90/class_mesa__coll__graph.png"'
error: Problems running dot: exit code=127, command='dot', arguments='"/home/yago/Blackjack/Codigos-Fonte/documentation_page/rtf/d0/d90/class_mesa__coll__graph.dot" -Tpng -o "/home/yago/Blackjack/Codigos-Fonte/documentation_page/rtf/d0/d90/class_mesa__coll__graph.png"'
error: Problems running dot: exit code=127, command='dot', arguments='"/home/yago/Blackjack/Codigos-Fonte/documentation_page/html/d8/d5e/class_mesa_a06b001e907762c73065230bbae1b7272_cgraph.dot" -Tpng -o "/home/yago/Blackjack/Codigos-Fonte/documentation_page/html/d8/d5e/class_mesa_a06b001e907762c73065230bbae1b7272_cgraph.png"'
error: Problems running dot: exit code=127, command='dot', arguments='"/home/yago/Blackjack/Codigos-Fonte/documentation_page/rtf/d8/d5e/class_mesa_a06b001e907762c73065230bbae1b7272_cgraph.dot" -Tpng -o "/home/yago/Blackjack/Codigos-Fonte/documentation_page/rtf/d8/d5e/class_mesa_a06b001e907762c73065230bbae1b7272_cgraph.png"'
error: Problems running dot: exit code=127, command='dot', arguments='"/home/yago/Blackjack/Codigos-Fonte/documentation_page/html/d8/d5e/class_mesa_a06b001e907762c73065230bbae1b7272_icgraph.dot" -Tpng -o "/home/yago/Blackjack/Codigos-Fonte/documentation_page/html/d8/d5e/class_mesa_a06b001e907762c73065230bbae1b7272_icgraph.png"'
error: Problems running dot: exit code=127, command='dot', arguments='"/home/yago/Blackjack/Codigos-Fonte/documentation_page/rtf/d8/d5e/class_mesa_a06b001e907762c73065230bbae1b7272_icgraph.dot" -Tpng -o "/home/yago/Blackjack/Codigos-Fonte/documentation_page/rtf/d8/d5e/class_mesa_a06b001e907762c73065230bbae1b7272_icgraph.png"'
error: Problems running dot: exit code=127, command='dot', arguments='"/home/yago/Blackjack/Codigos-Fonte/documentation_page/html/d8/d5e/class_mesa_a02449e4a37f8f32f1315fa954a8a52f8_cgraph.dot" -Tpng -o "/home/yago/Blackjack/Codigos-Fonte/documentation_page/html/d8/d5e/class_mesa_a02449e4a37f8f32f1315fa954a8a52f8_cgraph.png"'
error: Problems running dot: exit code=127, command='dot', arguments='"/home/yago/Blackjack/Codigos-Fonte/documentation_page/rtf/d8/d5e/class_mesa_a02449e4a37f8f32f1315fa954a8a52f8_cgraph.dot" -Tpng -o "/home/yago/Blackjack/Codigos-Fonte/documentation_page/rtf/d8/d5e/class_mesa_a02449e4a37f8f32f1315fa954a8a52f8_cgraph.png"'
error: Problems running dot: exit code=127, command='dot', arguments='"/home/yago/Blackjack/Codigos-Fonte/documentation_page/html/d8/d5e/class_mesa_a02449e4a37f8f32f1315fa954a8a52f8_icgraph.dot" -Tpng -o "/home/yago/Blackjack/Codigos-Fonte/documentation_page/html/d8/d5e/class_mesa_a02449e4a37f8f32f1315fa954a8a52f8_icgraph.png"'
error: Problems running dot: exit code=127, command='dot', arguments='"/home/yago/Blackjack/Codigos-Fonte/documentation_page/rtf/d8/d5e/class_mesa_a02449e4a37f8f32f1315fa954a8a52f8_icgraph.dot" -Tpng -o "/home/yago/Blackjack/Codigos-Fonte/documentation_page/rtf/d8/d5e/class_mesa_a02449e4a37f8f32f1315fa954a8a52f8_icgraph.png"'
error: Problems running dot: exit code=127, command='dot', arguments='"/home/yago/Blackjack/Codigos-Fonte/documentation_page/html/d8/d5e/class_mesa_ad5b6f60e66a0a8c3fe8943f206348b86_cgraph.dot" -Tpng -o "/home/yago/Blackjack/Codigos-Fonte/documentation_page/html/d8/d5e/class_mesa_ad5b6f60e66a0a8c3fe8943f206348b86_cgraph.png"'
error: Problems running dot: exit code=127, command='dot', arguments='"/home/yago/Blackjack/Codigos-Fonte/documentation_page/rtf/d8/d5e/class_mesa_ad5b6f60e66a0a8c3fe8943f206348b86_cgraph.dot" -Tpng -o "/home/yago/Blackjack/Codigos-Fonte/documentation_page/rtf/d8/d5e/class_mesa_ad5b6f60e66a0a8c3fe8943f206348b86_cgraph.png"'
error: Problems running dot: exit code=127, command='dot', arguments='"/home/yago/Blackjack/Codigos-Fonte/documentation_page/html/d8/d5e/class_mesa_ad5b6f60e66a0a8c3fe8943f206348b86_icgraph.dot" -Tpng -o "/home/yago/Blackjack/Codigos-Fonte/documentation_page/html/d8/d5e/class_mesa_ad5b6f60e66a0a8c3fe8943f206348b86_icgraph.png"'
error: Problems running dot: exit code=127, command='dot', arguments='"/home/yago/Blackjack/Codigos-Fonte/documentation_page/rtf/d8/d5e/class_mesa_ad5b6f60e66a0a8c3fe8943f206348b86_icgraph.dot" -Tpng -o "/home/yago/Blackjack/Codigos-Fonte/documentation_page/rtf/d8/d5e/class_mesa_ad5b6f60e66a0a8c3fe8943f206348b86_icgraph.png"'
error: Problems running dot: exit code=127, command='dot', arguments='"/home/yago/Blackjack/Codigos-Fonte/documentation_page/html/d8/d5e/class_mesa_ab444fffc132ebf700dcca5ebd5d533a3_icgraph.dot" -Tpng -o "/home/yago/Blackjack/Codigos-Fonte/documentation_page/html/d8/d5e/class_mesa_ab444fffc132ebf700dcca5ebd5d533a3_icgraph.png"'
error: Problems running dot: exit code=127, command='dot', arguments='"/home/yago/Blackjack/Codigos-Fonte/documentation_page/rtf/d8/d5e/class_mesa_ab444fffc132ebf700dcca5ebd5d533a3_icgraph.dot" -Tpng -o "/home/yago/Blackjack/Codigos-Fonte/documentation_page/rtf/d8/d5e/class_mesa_ab444fffc132ebf700dcca5ebd5d533a3_icgraph.png"'
error: Problems running dot: exit code=127, command='dot', arguments='"/home/yago/Blackjack/Codigos-Fonte/documentation_page/html/d8/d5e/class_mesa_a36f917140d77099e2da7a26586df04e8_cgraph.dot" -Tpng -o "/home/yago/Blackjack/Codigos-Fonte/documentation_page/html/d8/d5e/class_mesa_a36f917140d77099e2da7a26586df04e8_cgraph.png"'
error: Problems running dot: exit code=127, command='dot', arguments='"/home/yago/Blackjack/Codigos-Fonte/documentation_page/rtf/d8/d5e/class_mesa_a36f917140d77099e2da7a26586df04e8_cgraph.dot" -Tpng -o "/home/yago/Blackjack/Codigos-Fonte/documentation_page/rtf/d8/d5e/class_mesa_a36f917140d77099e2da7a26586df04e8_cgraph.png"'
error: Problems running dot: exit code=127, command='dot', arguments='"/home/yago/Blackjack/Codigos-Fonte/documentation_page/html/d8/d5e/class_mesa_a36f917140d77099e2da7a26586df04e8_icgraph.dot" -Tpng -o "/home/yago/Blackjack/Codigos-Fonte/documentation_page/html/d8/d5e/class_mesa_a36f917140d77099e2da7a26586df04e8_icgraph.png"'
error: Problems running dot: exit code=127, command='dot', arguments='"/home/yago/Blackjack/Codigos-Fonte/documentation_page/rtf/d8/d5e/class_mesa_a36f917140d77099e2da7a26586df04e8_icgraph.dot" -Tpng -o "/home/yago/Blackjack/Codigos-Fonte/documentation_page/rtf/d8/d5e/class_mesa_a36f917140d77099e2da7a26586df04e8_icgraph.png"'
error: Problems running dot: exit code=127, command='dot', arguments='"/home/yago/Blackjack/Codigos-Fonte/documentation_page/html/d8/d5e/class_mesa_a129bc8199f83880303f1b655eca5d95d_cgraph.dot" -Tpng -o "/home/yago/Blackjack/Codigos-Fonte/documentation_page/html/d8/d5e/class_mesa_a129bc8199f83880303f1b655eca5d95d_cgraph.png"'
error: Problems running dot: exit code=127, command='dot', arguments='"/home/yago/Blackjack/Codigos-Fonte/documentation_page/rtf/d8/d5e/class_mesa_a129bc8199f83880303f1b655eca5d95d_cgraph.dot" -Tpng -o "/home/yago/Blackjack/Codigos-Fonte/documentation_page/rtf/d8/d5e/class_mesa_a129bc8199f83880303f1b655eca5d95d_cgraph.png"'
error: Problems running dot: exit code=127, command='dot', arguments='"/home/yago/Blackjack/Codigos-Fonte/documentation_page/html/d8/d5e/class_mesa_a129bc8199f83880303f1b655eca5d95d_icgraph.dot" -Tpng -o "/home/yago/Blackjack/Codigos-Fonte/documentation_page/html/d8/d5e/class_mesa_a129bc8199f83880303f1b655eca5d95d_icgraph.png"'
error: Problems running dot: exit code=127, command='dot', arguments='"/home/yago/Blackjack/Codigos-Fonte/documentation_page/rtf/d8/d5e/class_mesa_a129bc8199f83880303f1b655eca5d95d_icgraph.dot" -Tpng -o "/home/yago/Blackjack/Codigos-Fonte/documentation_page/rtf/d8/d5e/class_mesa_a129bc8199f83880303f1b655eca5d95d_icgraph.png"'
error: Problems running dot: exit code=127, command='dot', arguments='"/home/yago/Blackjack/Codigos-Fonte/documentation_page/html/d8/d5e/class_mesa_a0663b85e664e3cf23b21e32ecac6cd87_icgraph.dot" -Tpng -o "/home/yago/Blackjack/Codigos-Fonte/documentation_page/html/d8/d5e/class_mesa_a0663b85e664e3cf23b21e32ecac6cd87_icgraph.png"'
error: Problems running dot: exit code=127, command='dot', arguments='"/home/yago/Blackjack/Codigos-Fonte/documentation_page/rtf/d8/d5e/class_mesa_a0663b85e664e3cf23b21e32ecac6cd87_icgraph.dot" -Tpng -o "/home/yago/Blackjack/Codigos-Fonte/documentation_page/rtf/d8/d5e/class_mesa_a0663b85e664e3cf23b21e32ecac6cd87_icgraph.png"'
error: Problems running dot: exit code=127, command='dot', arguments='"/home/yago/Blackjack/Codigos-Fonte/documentation_page/html/d8/d5e/class_mesa_a715c27c9ee8f28326037d7388dc1db44_icgraph.dot" -Tpng -o "/home/yago/Blackjack/Codigos-Fonte/documentation_page/html/d8/d5e/class_mesa_a715c27c9ee8f28326037d7388dc1db44_icgraph.png"'
error: Problems running dot: exit code=127, command='dot', arguments='"/home/yago/Blackjack/Codigos-Fonte/documentation_page/rtf/d8/d5e/class_mesa_a715c27c9ee8f28326037d7388dc1db44_icgraph.dot" -Tpng -o "/home/yago/Blackjack/Codigos-Fonte/documentation_page/rtf/d8/d5e/class_mesa_a715c27c9ee8f28326037d7388dc1db44_icgraph.png"'
error: Problems running dot: exit code=127, command='dot', arguments='"/home/yago/Blackjack/Codigos-Fonte/documentation_page/html/d8/d5e/class_mesa_a63dd2dcf7d7786b864e774427cb60bab_icgraph.dot" -Tpng -o "/home/yago/Blackjack/Codigos-Fonte/documentation_page/html/d8/d5e/class_mesa_a63dd2dcf7d7786b864e774427cb60bab_icgraph.png"'
error: Problems running dot: exit code=127, command='dot', arguments='"/home/yago/Blackjack/Codigos-Fonte/documentation_page/rtf/d8/d5e/class_mesa_a63dd2dcf7d7786b864e774427cb60bab_icgraph.dot" -Tpng -o "/home/yago/Blackjack/Codigos-Fonte/documentation_page/rtf/d8/d5e/class_mesa_a63dd2dcf7d7786b864e774427cb60bab_icgraph.png"'
error: Problems running dot: exit code=127, command='dot', arguments='"/home/yago/Blackjack/Codigos-Fonte/documentation_page/html/graph_legend.dot" -Tpng -o "/home/yago/Blackjack/Codigos-Fonte/documentation_page/html/graph_legend.png"'
error: problems opening map file /home/yago/Blackjack/Codigos-Fonte/documentation_page/html/d7/da6/colors_8h__dep__incl.map for inclusion in the docs!
If you installed Graphviz/dot after a previous failing run, 
try deleting the output directory and rerun doxygen.
error: problems opening map file /home/yago/Blackjack/Codigos-Fonte/documentation_page/html/d2/d41/dado_8cpp__incl.map for inclusion in the docs!
If you installed Graphviz/dot after a previous failing run, 
try deleting the output directory and rerun doxygen.
error: problems opening map file /home/yago/Blackjack/Codigos-Fonte/documentation_page/html/dd/d8a/dado_8h__incl.map for inclusion in the docs!
If you installed Graphviz/dot after a previous failing run, 
try deleting the output directory and rerun doxygen.
error: problems opening map file /home/yago/Blackjack/Codigos-Fonte/documentation_page/html/da/d47/dado_8h__dep__incl.map for inclusion in the docs!
If you installed Graphviz/dot after a previous failing run, 
try deleting the output directory and rerun doxygen.
error: problems opening map file /home/yago/Blackjack/Codigos-Fonte/documentation_page/html/d8/de2/jogador_8cpp__incl.map for inclusion in the docs!
If you installed Graphviz/dot after a previous failing run, 
try deleting the output directory and rerun doxygen.
error: problems opening map file /home/yago/Blackjack/Codigos-Fonte/documentation_page/html/d4/d0e/jogador_8h__incl.map for inclusion in the docs!
If you installed Graphviz/dot after a previous failing run, 
try deleting the output directory and rerun doxygen.
error: problems opening map file /home/yago/Blackjack/Codigos-Fonte/documentation_page/html/d3/d89/jogador_8h__dep__incl.map for inclusion in the docs!
If you installed Graphviz/dot after a previous failing run, 
try deleting the output directory and rerun doxygen.
error: problems opening map file /home/yago/Blackjack/Codigos-Fonte/documentation_page/html/da/d09/lobby_8cpp__incl.map for inclusion in the docs!
If you installed Graphviz/dot after a previous failing run, 
try deleting the output directory and rerun doxygen.
error: problems opening map file /home/yago/Blackjack/Codigos-Fonte/documentation_page/html/d3/dba/lobby_8h__incl.map for inclusion in the docs!
If you installed Graphviz/dot after a previous failing run, 
try deleting the output directory and rerun doxygen.
error: problems opening map file /home/yago/Blackjack/Codigos-Fonte/documentation_page/html/d8/d2a/lobby_8h__dep__incl.map for inclusion in the docs!
If you installed Graphviz/dot after a previous failing run, 
try deleting the output directory and rerun doxygen.
error: problems opening map file /home/yago/Blackjack/Codigos-Fonte/documentation_page/html/da/dce/main_8cpp__incl.map for inclusion in the docs!
If you installed Graphviz/dot after a previous failing run, 
try deleting the output directory and rerun doxygen.
error: problems opening map file /home/yago/Blackjack/Codigos-Fonte/documentation_page/html/df/d0a/main_8cpp_abf9e6b7e6f15df4b525a2e7705ba3089_cgraph.map for inclusion in the docs!
If you installed Graphviz/dot after a previous failing run, 
try deleting the output directory and rerun doxygen.
error: problems opening map file /home/yago/Blackjack/Codigos-Fonte/documentation_page/html/d8/d7d/mesa_8cpp__incl.map for inclusion in the docs!
If you installed Graphviz/dot after a previous failing run, 
try deleting the output directory and rerun doxygen.
error: problems opening map file /home/yago/Blackjack/Codigos-Fonte/documentation_page/html/dd/d4c/mesa_8h__incl.map for inclusion in the docs!
If you installed Graphviz/dot after a previous failing run, 
try deleting the output directory and rerun doxygen.
error: problems opening map file /home/yago/Blackjack/Codigos-Fonte/documentation_page/html/d0/dac/mesa_8h__dep__incl.map for inclusion in the docs!
If you installed Graphviz/dot after a previous failing run, 
try deleting the output directory and rerun doxygen.
error: problems opening map file /home/yago/Blackjack/Codigos-Fonte/documentation_page/html/d3/dcd/class_dado_a9c7fa6e4ac6ca7c72bc7cd8e5d65e7a9_icgraph.map for inclusion in the docs!
If you installed Graphviz/dot after a previous failing run, 
try deleting the output directory and rerun doxygen.
error: problems opening map file /home/yago/Blackjack/Codigos-Fonte/documentation_page/html/dc/da4/class_jogador_ad99c974eb0be82064fbca936adc246d9_icgraph.map for inclusion in the docs!
If you installed Graphviz/dot after a previous failing run, 
try deleting the output directory and rerun doxygen.
error: problems opening map file /home/yago/Blackjack/Codigos-Fonte/documentation_page/html/dc/da4/class_jogador_aa57278e25d3ac24860223b40278dfced_cgraph.map for inclusion in the docs!
If you installed Graphviz/dot after a previous failing run, 
try deleting the output directory and rerun doxygen.
error: problems opening map file /home/yago/Blackjack/Codigos-Fonte/documentation_page/html/dc/da4/class_jogador_a0d9f47c126ff7fd73863c1bcba346afe_icgraph.map for inclusion in the docs!
If you installed Graphviz/dot after a previous failing run, 
try deleting the output directory and rerun doxygen.
error: problems opening map file /home/yago/Blackjack/Codigos-Fonte/documentation_page/html/dc/da4/class_jogador_ae3fbee4756dafc8a7b1775d54c1ddf5b_icgraph.map for inclusion in the docs!
If you installed Graphviz/dot after a previous failing run, 
try deleting the output directory and rerun doxygen.
error: problems opening map file /home/yago/Blackjack/Codigos-Fonte/documentation_page/html/db/dd7/class_lobby_ad2e0ed41f1b35709445d60221d311d98_cgraph.map for inclusion in the docs!
If you installed Graphviz/dot after a previous failing run, 
try deleting the output directory and rerun doxygen.
error: problems opening map file /home/yago/Blackjack/Codigos-Fonte/documentation_page/html/db/dd7/class_lobby_ad2e0ed41f1b35709445d60221d311d98_icgraph.map for inclusion in the docs!
If you installed Graphviz/dot after a previous failing run, 
try deleting the output directory and rerun doxygen.
error: problems opening map file /home/yago/Blackjack/Codigos-Fonte/documentation_page/html/d0/d90/class_mesa__coll__graph.map for inclusion in the docs!
If you installed Graphviz/dot after a previous failing run, 
try deleting the output directory and rerun doxygen.
error: problems opening map file /home/yago/Blackjack/Codigos-Fonte/documentation_page/html/d8/d5e/class_mesa_a06b001e907762c73065230bbae1b7272_cgraph.map for inclusion in the docs!
If you installed Graphviz/dot after a previous failing run, 
try deleting the output directory and rerun doxygen.
error: problems opening map file /home/yago/Blackjack/Codigos-Fonte/documentation_page/html/d8/d5e/class_mesa_a06b001e907762c73065230bbae1b7272_icgraph.map for inclusion in the docs!
If you installed Graphviz/dot after a previous failing run, 
try deleting the output directory and rerun doxygen.
error: problems opening map file /home/yago/Blackjack/Codigos-Fonte/documentation_page/html/d8/d5e/class_mesa_a02449e4a37f8f32f1315fa954a8a52f8_cgraph.map for inclusion in the docs!
If you installed Graphviz/dot after a previous failing run, 
try deleting the output directory and rerun doxygen.
error: problems opening map file /home/yago/Blackjack/Codigos-Fonte/documentation_page/html/d8/d5e/class_mesa_a02449e4a37f8f32f1315fa954a8a52f8_icgraph.map for inclusion in the docs!
If you installed Graphviz/dot after a previous failing run, 
try deleting the output directory and rerun doxygen.
error: problems opening map file /home/yago/Blackjack/Codigos-Fonte/documentation_page/html/d8/d5e/class_mesa_ad5b6f60e66a0a8c3fe8943f206348b86_cgraph.map for inclusion in the docs!
If you installed Graphviz/dot after a previous failing run, 
try deleting the output directory and rerun doxygen.
error: problems opening map file /home/yago/Blackjack/Codigos-Fonte/documentation_page/html/d8/d5e/class_mesa_ad5b6f60e66a0a8c3fe8943f206348b86_icgraph.map for inclusion in the docs!
If you installed Graphviz/dot after a previous failing run, 
try deleting the output directory and rerun doxygen.
error: problems opening map file /home/yago/Blackjack/Codigos-Fonte/documentation_page/html/d8/d5e/class_mesa_ab444fffc132ebf700dcca5ebd5d533a3_icgraph.map for inclusion in the docs!
If you installed Graphviz/dot after a previous failing run, 
try deleting the output directory and rerun doxygen.
error: problems opening map file /home/yago/Blackjack/Codigos-Fonte/documentation_page/html/d8/d5e/class_mesa_a36f917140d77099e2da7a26586df04e8_cgraph.map for inclusion in the docs!
If you installed Graphviz/dot after a previous failing run, 
try deleting the output directory and rerun doxygen.
error: problems opening map file /home/yago/Blackjack/Codigos-Fonte/documentation_page/html/d8/d5e/class_mesa_a36f917140d77099e2da7a26586df04e8_icgraph.map for inclusion in the docs!
If you installed Graphviz/dot after a previous failing run, 
try deleting the output directory and rerun doxygen.
error: problems opening map file /home/yago/Blackjack/Codigos-Fonte/documentation_page/html/d8/d5e/class_mesa_a129bc8199f83880303f1b655eca5d95d_cgraph.map for inclusion in the docs!
If you installed Graphviz/dot after a previous failing run, 
try deleting the output directory and rerun doxygen.
error: problems opening map file /home/yago/Blackjack/Codigos-Fonte/documentation_page/html/d8/d5e/class_mesa_a129bc8199f83880303f1b655eca5d95d_icgraph.map for inclusion in the docs!
If you installed Graphviz/dot after a previous failing run, 
try deleting the output directory and rerun doxygen.
error: problems opening map file /home/yago/Blackjack/Codigos-Fonte/documentation_page/html/d8/d5e/class_mesa_a0663b85e664e3cf23b21e32ecac6cd87_icgraph.map for inclusion in the docs!
If you installed Graphviz/dot after a previous failing run, 
try deleting the output directory and rerun doxygen.
error: problems opening map file /home/yago/Blackjack/Codigos-Fonte/documentation_page/html/d8/d5e/class_mesa_a715c27c9ee8f28326037d7388dc1db44_icgraph.map for inclusion in the docs!
If you installed Graphviz/dot after a previous failing run, 
try deleting the output directory and rerun doxygen.
error: problems opening map file /home/yago/Blackjack/Codigos-Fonte/documentation_page/html/d8/d5e/class_mesa_a63dd2dcf7d7786b864e774427cb60bab_icgraph.map for inclusion in the docs!
If you installed Graphviz/dot after a previous failing run, 
try deleting the output directory and rerun doxygen.
